c:\users\dell\source\repos\iblis\release\iblisinvasion.pch
c:\users\dell\source\repos\iblis\release\vc142.pdb
c:\users\dell\source\repos\iblis\release\pch.obj
c:\users\dell\source\repos\iblis\release\vc143.pdb
c:\users\dell\source\repos\iblis\release\modelinfo.obj
c:\users\dell\source\repos\iblis\release\dllmain.obj
c:\users\dell\source\repos\iblis\release\iblisinvasion.lib
c:\users\dell\source\repos\iblis\release\iblisinvasion.exp
c:\users\dell\source\repos\iblis\release\iblisinvasion.ipdb
c:\users\dell\source\repos\iblis\release\iblisinvasion.iobj
c:\users\dell\source\repos\iblis\release\iblisinvasion.dll
c:\users\dell\source\repos\iblis\release\iblisinvasion.pdb
c:\users\dell\source\repos\iblis\release\chaomodding-cweanimals.ipdb
c:\users\dell\source\repos\iblis\release\chaomodding-cweanimals.iobj
c:\users\dell\source\repos\iblis\release\chaomodding-cweanimals.pch
c:\users\dell\source\repos\iblis\release\chaomodding-cweanimals.exp
c:\users\dell\source\repos\iblis\release\chaomodding-cweanimals.pdb
c:\users\dell\source\repos\iblis\release\iblisinvasion.tlog\cl.command.1.tlog
c:\users\dell\source\repos\iblis\release\iblisinvasion.tlog\cl.items.tlog
c:\users\dell\source\repos\iblis\release\iblisinvasion.tlog\cl.read.1.tlog
c:\users\dell\source\repos\iblis\release\iblisinvasion.tlog\cl.write.1.tlog
c:\users\dell\source\repos\iblis\release\iblisinvasion.tlog\iblisinvasion.write.1u.tlog
c:\users\dell\source\repos\iblis\release\iblisinvasion.tlog\link.command.1.tlog
c:\users\dell\source\repos\iblis\release\iblisinvasion.tlog\link.read.1.tlog
c:\users\dell\source\repos\iblis\release\iblisinvasion.tlog\link.write.1.tlog
c:\users\dell\source\repos\iblis\release\iblisinvasion.tlog\link.write.2u.tlog
